Warning: Equate pins:  cell sky130_fd_pr__cap_mim_m3_1 is a placeholder, treated as a black box.
Warning: Equate pins:  cell sky130_fd_pr__cap_mim_m3_1 is a placeholder, treated as a black box.

Subcircuit pins:
Circuit 1: sky130_fd_pr__cap_mim_m3_1      |Circuit 2: sky130_fd_pr__cap_mim_m3_1      
-------------------------------------------|-------------------------------------------
1                                          |1                                          
2                                          |2                                          
---------------------------------------------------------------------------------------
Cell pin lists are equivalent.
Device classes sky130_fd_pr__cap_mim_m3_1 and sky130_fd_pr__cap_mim_m3_1 are equivalent.
Warning: Equate pins:  cell sky130_fd_pr__pfet_g5v0d10v5 is a placeholder, treated as a black box.
Warning: Equate pins:  cell sky130_fd_pr__pfet_g5v0d10v5 is a placeholder, treated as a black box.

Subcircuit pins:
Circuit 1: sky130_fd_pr__pfet_g5v0d10v5    |Circuit 2: sky130_fd_pr__pfet_g5v0d10v5    
-------------------------------------------|-------------------------------------------
1                                          |1                                          
2                                          |2                                          
3                                          |3                                          
4                                          |4                                          
---------------------------------------------------------------------------------------
Cell pin lists are equivalent.
Device classes sky130_fd_pr__pfet_g5v0d10v5 and sky130_fd_pr__pfet_g5v0d10v5 are equivalent.
Warning: Equate pins:  cell sky130_fd_pr__nfet_g5v0d10v5 is a placeholder, treated as a black box.
Warning: Equate pins:  cell sky130_fd_pr__nfet_g5v0d10v5 is a placeholder, treated as a black box.

Subcircuit pins:
Circuit 1: sky130_fd_pr__nfet_g5v0d10v5    |Circuit 2: sky130_fd_pr__nfet_g5v0d10v5    
-------------------------------------------|-------------------------------------------
1                                          |1                                          
2                                          |2                                          
3                                          |3                                          
4                                          |4                                          
---------------------------------------------------------------------------------------
Cell pin lists are equivalent.
Device classes sky130_fd_pr__nfet_g5v0d10v5 and sky130_fd_pr__nfet_g5v0d10v5 are equivalent.
Flattening unmatched subcell sky130_fd_pr__cap_mim_m3_1_2NYK3R in circuit ota (0)(1 instance)
Flattening unmatched subcell sky130_fd_pr__pfet_g5v0d10v5_GYMD5T in circuit ota (0)(4 instances)
Flattening unmatched subcell sky130_fd_pr__pfet_g5v0d10v5_GYM5UZ in circuit ota (0)(1 instance)
Flattening unmatched subcell sky130_fd_pr__pfet_g5v0d10v5_G8J5UZ in circuit ota (0)(1 instance)
Flattening unmatched subcell sky130_fd_pr__nfet_g5v0d10v5_9YTB7P in circuit ota (0)(2 instances)
Flattening unmatched subcell sky130_fd_pr__nfet_g5v0d10v5_G8BGHZ in circuit ota (0)(1 instance)
Flattening unmatched subcell sky130_fd_pr__pfet_g5v0d10v5_8C84A7 in circuit ota (0)(1 instance)

Class ota (0):  Merged 4 parallel devices.
Subcircuit summary:
Circuit 1: ota                             |Circuit 2: ota                             
-------------------------------------------|-------------------------------------------
sky130_fd_pr__cap_mim_m3_1 (1)             |sky130_fd_pr__cap_mim_m3_1 (1)             
sky130_fd_pr__pfet_g5v0d10v5 (10->7)       |sky130_fd_pr__pfet_g5v0d10v5 (7)           
sky130_fd_pr__nfet_g5v0d10v5 (4->3)        |sky130_fd_pr__nfet_g5v0d10v5 (3)           
Number of devices: 11                      |Number of devices: 11                      
Number of nets: 10                         |Number of nets: 10                         
---------------------------------------------------------------------------------------
Circuits match uniquely.
Netlists match uniquely.

Subcircuit pins:
Circuit 1: ota                             |Circuit 2: ota                             
-------------------------------------------|-------------------------------------------
vd                                         |vd                                         
in2                                        |in2                                        
in1                                        |in1                                        
ib                                         |ib                                         
vs                                         |vs                                         
out                                        |out                                        
---------------------------------------------------------------------------------------
Cell pin lists are equivalent.
Device classes ota and ota are equivalent.
Circuits match uniquely.
