
Circuit 1 cell sky130_fd_pr__pfet_01v8 and Circuit 2 cell sky130_fd_pr__pfet_01v8 are black boxes.
Warning: Equate pins:  cell sky130_fd_pr__pfet_01v8 is a placeholder, treated as a black box.
Warning: Equate pins:  cell sky130_fd_pr__pfet_01v8 is a placeholder, treated as a black box.

Subcircuit pins:
Circuit 1: sky130_fd_pr__pfet_01v8         |Circuit 2: sky130_fd_pr__pfet_01v8         
-------------------------------------------|-------------------------------------------
1                                          |1                                          
2                                          |2                                          
3                                          |3                                          
4                                          |4                                          
---------------------------------------------------------------------------------------
Cell pin lists are equivalent.
Device classes sky130_fd_pr__pfet_01v8 and sky130_fd_pr__pfet_01v8 are equivalent.

Circuit 1 cell sky130_fd_pr__nfet_01v8 and Circuit 2 cell sky130_fd_pr__nfet_01v8 are black boxes.
Warning: Equate pins:  cell sky130_fd_pr__nfet_01v8 is a placeholder, treated as a black box.
Warning: Equate pins:  cell sky130_fd_pr__nfet_01v8 is a placeholder, treated as a black box.

Subcircuit pins:
Circuit 1: sky130_fd_pr__nfet_01v8         |Circuit 2: sky130_fd_pr__nfet_01v8         
-------------------------------------------|-------------------------------------------
1                                          |1                                          
2                                          |2                                          
3                                          |3                                          
4                                          |4                                          
---------------------------------------------------------------------------------------
Cell pin lists are equivalent.
Device classes sky130_fd_pr__nfet_01v8 and sky130_fd_pr__nfet_01v8 are equivalent.

Circuit 1 cell sky130_fd_pr__cap_mim_m3_2 and Circuit 2 cell sky130_fd_pr__cap_mim_m3_2 are black boxes.
Warning: Equate pins:  cell sky130_fd_pr__cap_mim_m3_2 is a placeholder, treated as a black box.
Warning: Equate pins:  cell sky130_fd_pr__cap_mim_m3_2 is a placeholder, treated as a black box.

Subcircuit pins:
Circuit 1: sky130_fd_pr__cap_mim_m3_2      |Circuit 2: sky130_fd_pr__cap_mim_m3_2      
-------------------------------------------|-------------------------------------------
1                                          |1                                          
2                                          |2                                          
---------------------------------------------------------------------------------------
Cell pin lists are equivalent.
Device classes sky130_fd_pr__cap_mim_m3_2 and sky130_fd_pr__cap_mim_m3_2 are equivalent.

Circuit 1 cell sky130_fd_pr__pfet_01v8_hvt and Circuit 2 cell sky130_fd_pr__pfet_01v8_hvt are black boxes.
Warning: Equate pins:  cell sky130_fd_pr__pfet_01v8_hvt is a placeholder, treated as a black box.
Warning: Equate pins:  cell sky130_fd_pr__pfet_01v8_hvt is a placeholder, treated as a black box.

Subcircuit pins:
Circuit 1: sky130_fd_pr__pfet_01v8_hvt     |Circuit 2: sky130_fd_pr__pfet_01v8_hvt     
-------------------------------------------|-------------------------------------------
1                                          |1                                          
2                                          |2                                          
3                                          |3                                          
4                                          |4                                          
---------------------------------------------------------------------------------------
Cell pin lists are equivalent.
Device classes sky130_fd_pr__pfet_01v8_hvt and sky130_fd_pr__pfet_01v8_hvt are equivalent.

Circuit 1 cell sky130_fd_pr__res_xhigh_po_0p35 and Circuit 2 cell sky130_fd_pr__res_xhigh_po_0p35 are black boxes.
Warning: Equate pins:  cell sky130_fd_pr__res_xhigh_po_0p35 is a placeholder, treated as a black box.
Warning: Equate pins:  cell sky130_fd_pr__res_xhigh_po_0p35 is a placeholder, treated as a black box.

Subcircuit pins:
Circuit 1: sky130_fd_pr__res_xhigh_po_0p35 |Circuit 2: sky130_fd_pr__res_xhigh_po_0p35 
-------------------------------------------|-------------------------------------------
1                                          |1                                          
2                                          |2                                          
3                                          |3                                          
---------------------------------------------------------------------------------------
Cell pin lists are equivalent.
Device classes sky130_fd_pr__res_xhigh_po_0p35 and sky130_fd_pr__res_xhigh_po_0p35 are equivalent.

Circuit 1 cell sky130_fd_pr__cap_mim_m3_1 and Circuit 2 cell sky130_fd_pr__cap_mim_m3_1 are black boxes.
Warning: Equate pins:  cell sky130_fd_pr__cap_mim_m3_1 is a placeholder, treated as a black box.
Warning: Equate pins:  cell sky130_fd_pr__cap_mim_m3_1 is a placeholder, treated as a black box.

Subcircuit pins:
Circuit 1: sky130_fd_pr__cap_mim_m3_1      |Circuit 2: sky130_fd_pr__cap_mim_m3_1      
-------------------------------------------|-------------------------------------------
1                                          |1                                          
2                                          |2                                          
---------------------------------------------------------------------------------------
Cell pin lists are equivalent.
Device classes sky130_fd_pr__cap_mim_m3_1 and sky130_fd_pr__cap_mim_m3_1 are equivalent.

Class sensor (0):  Merged 45 parallel devices.
Class sensor (1):  Merged 10 parallel devices.
Subcircuit summary:
Circuit 1: sensor                          |Circuit 2: sensor                          
-------------------------------------------|-------------------------------------------
sky130_fd_pr__pfet_01v8 (26->9)            |sky130_fd_pr__pfet_01v8 (12->9)            
sky130_fd_pr__nfet_01v8 (32->4)            |sky130_fd_pr__nfet_01v8 (32->4)            
Number of devices: 13                      |Number of devices: 13                      
Number of nets: 8                          |Number of nets: 8                          
---------------------------------------------------------------------------------------
Netlists match uniquely.

Subcircuit pins:
Circuit 1: sensor                          |Circuit 2: sensor                          
-------------------------------------------|-------------------------------------------
vts                                        |vts                                        
gnd                                        |gnd                                        
vd                                         |vd                                         
vtd                                        |vtd                                        
---------------------------------------------------------------------------------------
Cell pin lists are equivalent.
Device classes sensor and sensor are equivalent.
Flattening unmatched subcell sky130_fd_pr__pfet_01v8_3HMWVM in circuit buffer (0)(2 instances)
Flattening unmatched subcell sky130_fd_pr__nfet_01v8_HBAYNJ in circuit buffer (0)(1 instance)
Flattening unmatched subcell sky130_fd_pr__nfet_01v8_XWAA4X in circuit buffer (0)(1 instance)
Flattening unmatched subcell sky130_fd_pr__pfet_01v8_3HZSVM in circuit buffer (0)(2 instances)
Flattening unmatched subcell sky130_fd_pr__pfet_01v8_3H5TVM in circuit buffer (0)(2 instances)
Flattening unmatched subcell sky130_fd_pr__nfet_01v8_P8B44K in circuit buffer (0)(1 instance)
Flattening unmatched subcell sky130_fd_pr__cap_mim_m3_2_26U9NK in circuit buffer (0)(1 instance)

Class buffer (0):  Merged 56 parallel devices.
Class buffer (1):  Merged 2 parallel devices.
Subcircuit summary:
Circuit 1: buffer                          |Circuit 2: buffer                          
-------------------------------------------|-------------------------------------------
sky130_fd_pr__pfet_01v8 (24->5)            |sky130_fd_pr__pfet_01v8 (6->5)             
sky130_fd_pr__nfet_01v8 (46->9)            |sky130_fd_pr__nfet_01v8 (10->9)            
sky130_fd_pr__cap_mim_m3_2 (1)             |sky130_fd_pr__cap_mim_m3_2 (1)             
Number of devices: 15                      |Number of devices: 15                      
Number of nets: 9                          |Number of nets: 9                          
---------------------------------------------------------------------------------------
Netlists match uniquely.

Subcircuit pins:
Circuit 1: buffer                          |Circuit 2: buffer                          
-------------------------------------------|-------------------------------------------
ib                                         |ib                                         
gnd                                        |gnd                                        
in                                         |in                                         
out                                        |out                                        
vd                                         |vd                                         
---------------------------------------------------------------------------------------
Cell pin lists are equivalent.
Device classes buffer and buffer are equivalent.

Cell ask-modulator (0) disconnected node: VSUBS
Class ask-modulator (0):  Merged 2 parallel devices.
Cell ask-modulator (0) disconnected node: VSUBS
Subcircuit summary:
Circuit 1: ask-modulator                   |Circuit 2: ask-modulator                   
-------------------------------------------|-------------------------------------------
sky130_fd_pr__cap_mim_m3_2 (3->1)          |sky130_fd_pr__cap_mim_m3_2 (3->1)          
sky130_fd_pr__res_xhigh_po_0p35 (1)        |sky130_fd_pr__res_xhigh_po_0p35 (1)        
sky130_fd_pr__nfet_01v8 (1)                |sky130_fd_pr__nfet_01v8 (1)                
Number of devices: 3                       |Number of devices: 3                       
Number of nets: 5                          |Number of nets: 5                          
---------------------------------------------------------------------------------------
Netlists match uniquely with port errors.

Subcircuit pins:
Circuit 1: ask-modulator                   |Circuit 2: ask-modulator                   
-------------------------------------------|-------------------------------------------
gnd                                        |gnd                                        
in                                         |in                                         
vd                                         |vd                                         
out                                        |out                                        
VSUBS                                      |(no matching pin)                          
---------------------------------------------------------------------------------------
Cell pin lists are equivalent.
Device classes ask-modulator and ask-modulator are equivalent.
  Flattening non-matched subcircuits ask-modulator ask-modulator
Flattening unmatched subcell sky130_fd_sc_hd__dfrbp_1 in circuit sigma-delta (1)(1 instance)

Cell sigma-delta (0) disconnected node: x1/VGND
Cell sigma-delta (0) disconnected node: VSUBS
Class sigma-delta (0):  Merged 14 series devices.
Cell sigma-delta (0) disconnected node: x1/VGND
Cell sigma-delta (0) disconnected node: VSUBS
Subcircuit summary:
Circuit 1: sigma-delta                     |Circuit 2: sigma-delta                     
-------------------------------------------|-------------------------------------------
sky130_fd_pr__res_xhigh_po_0p35 (16->2)    |sky130_fd_pr__res_xhigh_po_0p35 (2)        
sky130_fd_pr__pfet_01v8_hvt (16)           |sky130_fd_pr__pfet_01v8_hvt (16)           
sky130_fd_pr__nfet_01v8 (17)               |sky130_fd_pr__nfet_01v8 (17)               
sky130_fd_pr__pfet_01v8 (1)                |sky130_fd_pr__pfet_01v8 (1)                
sky130_fd_pr__cap_mim_m3_1 (1)             |sky130_fd_pr__cap_mim_m3_1 (1)             
Number of devices: 37                      |Number of devices: 37                      
Number of nets: 24                         |Number of nets: 24                         
---------------------------------------------------------------------------------------
Netlists match uniquely with port errors.

Subcircuit pins:
Circuit 1: sigma-delta                     |Circuit 2: sigma-delta                     
-------------------------------------------|-------------------------------------------
in                                         |in                                         
reset_b_dff                                |reset_b_dff                                
vd                                         |vd                                         
clk                                        |clk                                        
out                                        |out                                        
vpwr                                       |vpwr                                       
gnd                                        |gnd                                        
x1/VGND                                    |(no matching pin)                          
VSUBS                                      |(no matching pin)                          
---------------------------------------------------------------------------------------
Cell pin lists are equivalent.
Device classes sigma-delta and sigma-delta are equivalent.
  Flattening non-matched subcircuits sigma-delta sigma-delta

Subcircuit summary:
Circuit 1: device-complete                 |Circuit 2: device-complete                 
-------------------------------------------|-------------------------------------------
sensor (1)                                 |sensor (1)                                 
buffer (1)                                 |buffer (1)                                 
sky130_fd_pr__cap_mim_m3_2 (3->1)          |sky130_fd_pr__cap_mim_m3_2 (3->1)          
sky130_fd_pr__res_xhigh_po_0p35 (3)        |sky130_fd_pr__res_xhigh_po_0p35 (3)        
sky130_fd_pr__nfet_01v8 (18)               |sky130_fd_pr__nfet_01v8 (18)               
sky130_fd_pr__pfet_01v8_hvt (16)           |sky130_fd_pr__pfet_01v8_hvt (16)           
sky130_fd_pr__pfet_01v8 (1)                |sky130_fd_pr__pfet_01v8 (1)                
sky130_fd_pr__cap_mim_m3_1 (1)             |sky130_fd_pr__cap_mim_m3_1 (1)             
Number of devices: 42                      |Number of devices: 42                      
Number of nets: 28                         |Number of nets: 28                         
---------------------------------------------------------------------------------------
Netlists match uniquely.

Subcircuit pins:
Circuit 1: device-complete                 |Circuit 2: device-complete                 
-------------------------------------------|-------------------------------------------
vpwr                                       |vpwr                                       
gnd                                        |gnd                                        
ib                                         |ib                                         
clk                                        |clk                                        
out                                        |out                                        
vd                                         |vd                                         
---------------------------------------------------------------------------------------
Cell pin lists are equivalent.
Device classes device-complete and device-complete are equivalent.

Final result: Circuits match uniquely.
.
