
Circuit 1 cell sky130_fd_pr__pfet_01v8 and Circuit 2 cell sky130_fd_pr__pfet_01v8 are black boxes.
Warning: Equate pins:  cell sky130_fd_pr__pfet_01v8 is a placeholder, treated as a black box.
Warning: Equate pins:  cell sky130_fd_pr__pfet_01v8 is a placeholder, treated as a black box.

Subcircuit pins:
Circuit 1: sky130_fd_pr__pfet_01v8         |Circuit 2: sky130_fd_pr__pfet_01v8         
-------------------------------------------|-------------------------------------------
1                                          |1                                          
2                                          |2                                          
3                                          |3                                          
4                                          |4                                          
---------------------------------------------------------------------------------------
Cell pin lists are equivalent.
Device classes sky130_fd_pr__pfet_01v8 and sky130_fd_pr__pfet_01v8 are equivalent.

Circuit 1 cell sky130_fd_pr__nfet_01v8 and Circuit 2 cell sky130_fd_pr__nfet_01v8 are black boxes.
Warning: Equate pins:  cell sky130_fd_pr__nfet_01v8 is a placeholder, treated as a black box.
Warning: Equate pins:  cell sky130_fd_pr__nfet_01v8 is a placeholder, treated as a black box.

Subcircuit pins:
Circuit 1: sky130_fd_pr__nfet_01v8         |Circuit 2: sky130_fd_pr__nfet_01v8         
-------------------------------------------|-------------------------------------------
1                                          |1                                          
2                                          |2                                          
3                                          |3                                          
4                                          |4                                          
---------------------------------------------------------------------------------------
Cell pin lists are equivalent.
Device classes sky130_fd_pr__nfet_01v8 and sky130_fd_pr__nfet_01v8 are equivalent.
Flattening unmatched subcell sky130_fd_pr__pfet_01v8_8CLM97 in circuit sensor (0)(2 instances)
Flattening unmatched subcell sky130_fd_pr__pfet_01v8_8CLK97 in circuit sensor (0)(2 instances)
Flattening unmatched subcell sky130_fd_pr__pfet_01v8_82U688 in circuit sensor (0)(1 instance)
Flattening unmatched subcell sky130_fd_pr__nfet_01v8_SXQYJB in circuit sensor (0)(3 instances)
Flattening unmatched subcell sky130_fd_pr__pfet_01v8_8CLZW6 in circuit sensor (0)(2 instances)
Flattening unmatched subcell sky130_fd_pr__pfet_01v8_3P9HCE in circuit sensor (0)(1 instance)
Flattening unmatched subcell sky130_fd_pr__pfet_01v8_37ZGCE in circuit sensor (0)(1 instance)
Flattening unmatched subcell sky130_fd_pr__pfet_01v8_G8PMZT in circuit sensor (0)(1 instance)

Class sensor (0):  Merged 35 parallel devices.
Subcircuit summary:
Circuit 1: sensor                          |Circuit 2: sensor                          
-------------------------------------------|-------------------------------------------
sky130_fd_pr__pfet_01v8 (20->6)            |sky130_fd_pr__pfet_01v8 (6)                
sky130_fd_pr__nfet_01v8 (24->3)            |sky130_fd_pr__nfet_01v8 (24->3)            
Number of devices: 9                       |Number of devices: 9                       
Number of nets: 8                          |Number of nets: 8                          
---------------------------------------------------------------------------------------
Netlists match uniquely.

Subcircuit pins:
Circuit 1: sensor                          |Circuit 2: sensor                          
-------------------------------------------|-------------------------------------------
vd                                         |vd                                         
vtd                                        |vtd                                        
gnd                                        |gnd                                        
vts                                        |vts                                        
---------------------------------------------------------------------------------------
Cell pin lists are equivalent.
Device classes sensor and sensor are equivalent.

Final result: Circuits match uniquely.
.
