
Circuit 1 cell sky130_fd_pr__nfet_01v8 and Circuit 2 cell sky130_fd_pr__nfet_01v8 are black boxes.
Warning: Equate pins:  cell sky130_fd_pr__nfet_01v8 is a placeholder, treated as a black box.
Warning: Equate pins:  cell sky130_fd_pr__nfet_01v8 is a placeholder, treated as a black box.

Subcircuit pins:
Circuit 1: sky130_fd_pr__nfet_01v8         |Circuit 2: sky130_fd_pr__nfet_01v8         
-------------------------------------------|-------------------------------------------
1                                          |1                                          
2                                          |2                                          
3                                          |3                                          
4                                          |4                                          
---------------------------------------------------------------------------------------
Cell pin lists are equivalent.
Device classes sky130_fd_pr__nfet_01v8 and sky130_fd_pr__nfet_01v8 are equivalent.

Circuit 1 cell sky130_fd_pr__pfet_01v8 and Circuit 2 cell sky130_fd_pr__pfet_01v8 are black boxes.
Warning: Equate pins:  cell sky130_fd_pr__pfet_01v8 is a placeholder, treated as a black box.
Warning: Equate pins:  cell sky130_fd_pr__pfet_01v8 is a placeholder, treated as a black box.

Subcircuit pins:
Circuit 1: sky130_fd_pr__pfet_01v8         |Circuit 2: sky130_fd_pr__pfet_01v8         
-------------------------------------------|-------------------------------------------
1                                          |1                                          
2                                          |2                                          
3                                          |3                                          
4                                          |4                                          
---------------------------------------------------------------------------------------
Cell pin lists are equivalent.
Device classes sky130_fd_pr__pfet_01v8 and sky130_fd_pr__pfet_01v8 are equivalent.
Flattening unmatched subcell sky130_fd_pr__nfet_01v8_CL66SD in circuit buffer (0)(2 instances)
Flattening unmatched subcell sky130_fd_pr__pfet_01v8_8L4H97 in circuit buffer (0)(1 instance)
Flattening unmatched subcell sky130_fd_pr__pfet_01v8_BLSBYX in circuit buffer (0)(2 instances)
Flattening unmatched subcell sky130_fd_pr__pfet_01v8_8C4HA7 in circuit buffer (0)(1 instance)
Flattening unmatched subcell sky130_fd_pr__nfet_01v8_GVTB53 in circuit buffer (0)(1 instance)
Flattening unmatched subcell sky130_fd_pr__pfet_01v8_8LYGA7 in circuit buffer (0)(2 instances)

Class buffer (0):  Merged 54 parallel devices.
Subcircuit summary:
Circuit 1: buffer                          |Circuit 2: buffer                          
-------------------------------------------|-------------------------------------------
sky130_fd_pr__nfet_01v8 (42->6)            |sky130_fd_pr__nfet_01v8 (6)                
sky130_fd_pr__pfet_01v8 (22->4)            |sky130_fd_pr__pfet_01v8 (4)                
Number of devices: 10                      |Number of devices: 10                      
Number of nets: 9                          |Number of nets: 9                          
---------------------------------------------------------------------------------------
Netlists match uniquely.

Subcircuit pins:
Circuit 1: buffer                          |Circuit 2: buffer                          
-------------------------------------------|-------------------------------------------
vd                                         |vd                                         
in                                         |in                                         
gnd                                        |gnd                                        
out                                        |out                                        
ib                                         |ib                                         
---------------------------------------------------------------------------------------
Cell pin lists are equivalent.
Device classes buffer and buffer are equivalent.

Final result: Circuits match uniquely.
.
