
Circuit 1 cell sky130_fd_pr__res_xhigh_po_0p35 and Circuit 2 cell sky130_fd_pr__res_xhigh_po_0p35 are black boxes.
Warning: Equate pins:  cell sky130_fd_pr__res_xhigh_po_0p35 is a placeholder, treated as a black box.
Warning: Equate pins:  cell sky130_fd_pr__res_xhigh_po_0p35 is a placeholder, treated as a black box.

Subcircuit pins:
Circuit 1: sky130_fd_pr__res_xhigh_po_0p35 |Circuit 2: sky130_fd_pr__res_xhigh_po_0p35 
-------------------------------------------|-------------------------------------------
1                                          |1                                          
2                                          |2                                          
3                                          |3                                          
---------------------------------------------------------------------------------------
Cell pin lists are equivalent.
Device classes sky130_fd_pr__res_xhigh_po_0p35 and sky130_fd_pr__res_xhigh_po_0p35 are equivalent.

Circuit 1 cell sky130_fd_pr__pfet_01v8_hvt and Circuit 2 cell sky130_fd_pr__pfet_01v8_hvt are black boxes.
Warning: Equate pins:  cell sky130_fd_pr__pfet_01v8_hvt is a placeholder, treated as a black box.
Warning: Equate pins:  cell sky130_fd_pr__pfet_01v8_hvt is a placeholder, treated as a black box.

Subcircuit pins:
Circuit 1: sky130_fd_pr__pfet_01v8_hvt     |Circuit 2: sky130_fd_pr__pfet_01v8_hvt     
-------------------------------------------|-------------------------------------------
1                                          |1                                          
2                                          |2                                          
3                                          |3                                          
4                                          |4                                          
---------------------------------------------------------------------------------------
Cell pin lists are equivalent.
Device classes sky130_fd_pr__pfet_01v8_hvt and sky130_fd_pr__pfet_01v8_hvt are equivalent.

Circuit 1 cell sky130_fd_pr__nfet_01v8 and Circuit 2 cell sky130_fd_pr__nfet_01v8 are black boxes.
Warning: Equate pins:  cell sky130_fd_pr__nfet_01v8 is a placeholder, treated as a black box.
Warning: Equate pins:  cell sky130_fd_pr__nfet_01v8 is a placeholder, treated as a black box.

Subcircuit pins:
Circuit 1: sky130_fd_pr__nfet_01v8         |Circuit 2: sky130_fd_pr__nfet_01v8         
-------------------------------------------|-------------------------------------------
1                                          |1                                          
2                                          |2                                          
3                                          |3                                          
4                                          |4                                          
---------------------------------------------------------------------------------------
Cell pin lists are equivalent.
Device classes sky130_fd_pr__nfet_01v8 and sky130_fd_pr__nfet_01v8 are equivalent.

Circuit 1 cell sky130_fd_pr__pfet_01v8 and Circuit 2 cell sky130_fd_pr__pfet_01v8 are black boxes.
Warning: Equate pins:  cell sky130_fd_pr__pfet_01v8 is a placeholder, treated as a black box.
Warning: Equate pins:  cell sky130_fd_pr__pfet_01v8 is a placeholder, treated as a black box.

Subcircuit pins:
Circuit 1: sky130_fd_pr__pfet_01v8         |Circuit 2: sky130_fd_pr__pfet_01v8         
-------------------------------------------|-------------------------------------------
1                                          |1                                          
2                                          |2                                          
3                                          |3                                          
4                                          |4                                          
---------------------------------------------------------------------------------------
Cell pin lists are equivalent.
Device classes sky130_fd_pr__pfet_01v8 and sky130_fd_pr__pfet_01v8 are equivalent.

Circuit 1 cell sky130_fd_pr__cap_mim_m3_1 and Circuit 2 cell sky130_fd_pr__cap_mim_m3_1 are black boxes.
Warning: Equate pins:  cell sky130_fd_pr__cap_mim_m3_1 is a placeholder, treated as a black box.
Warning: Equate pins:  cell sky130_fd_pr__cap_mim_m3_1 is a placeholder, treated as a black box.

Subcircuit pins:
Circuit 1: sky130_fd_pr__cap_mim_m3_1      |Circuit 2: sky130_fd_pr__cap_mim_m3_1      
-------------------------------------------|-------------------------------------------
1                                          |1                                          
2                                          |2                                          
---------------------------------------------------------------------------------------
Cell pin lists are equivalent.
Device classes sky130_fd_pr__cap_mim_m3_1 and sky130_fd_pr__cap_mim_m3_1 are equivalent.

Subcircuit summary:
Circuit 1: sky130_fd_sc_hd__dfrbp_1        |Circuit 2: sky130_fd_sc_hd__dfrbp_1        
-------------------------------------------|-------------------------------------------
sky130_fd_pr__pfet_01v8_hvt (16)           |sky130_fd_pr__pfet_01v8_hvt (16)           
sky130_fd_pr__nfet_01v8 (16)               |sky130_fd_pr__nfet_01v8 (16)               
Number of devices: 32                      |Number of devices: 32                      
Number of nets: 23                         |Number of nets: 23                         
---------------------------------------------------------------------------------------
Netlists match uniquely.

Subcircuit pins:
Circuit 1: sky130_fd_sc_hd__dfrbp_1        |Circuit 2: sky130_fd_sc_hd__dfrbp_1        
-------------------------------------------|-------------------------------------------
VGND                                       |VGND                                       
RESET_B                                    |RESET_B                                    
VPB                                        |VPB                                        
VNB                                        |VNB                                        
VPWR                                       |VPWR                                       
Q_N                                        |Q_N                                        
D                                          |D                                          
Q                                          |Q                                          
CLK                                        |CLK                                        
---------------------------------------------------------------------------------------
Cell pin lists are equivalent.
Device classes sky130_fd_sc_hd__dfrbp_1 and sky130_fd_sc_hd__dfrbp_1 are equivalent.
Flattening unmatched subcell sky130_fd_pr__res_xhigh_po_0p35_XMXTTL in circuit sigma-delta (0)(2 instances)
Flattening unmatched subcell sky130_fd_pr__pfet_01v8_XGSNAL in circuit sigma-delta (0)(1 instance)
Flattening unmatched subcell sky130_fd_pr__nfet_01v8_648S5X in circuit sigma-delta (0)(1 instance)
Flattening unmatched subcell sky130_fd_pr__cap_mim_m3_1_A4KLY5 in circuit sigma-delta (0)(1 instance)

Class sigma-delta (0):  Merged 14 series devices.
Subcircuit summary:
Circuit 1: sigma-delta                     |Circuit 2: sigma-delta                     
-------------------------------------------|-------------------------------------------
sky130_fd_pr__res_xhigh_po_0p35 (16->2)    |sky130_fd_pr__res_xhigh_po_0p35 (2)        
sky130_fd_sc_hd__dfrbp_1 (1)               |sky130_fd_sc_hd__dfrbp_1 (1)               
sky130_fd_pr__pfet_01v8 (1)                |sky130_fd_pr__pfet_01v8 (1)                
sky130_fd_pr__nfet_01v8 (1)                |sky130_fd_pr__nfet_01v8 (1)                
sky130_fd_pr__cap_mim_m3_1 (1)             |sky130_fd_pr__cap_mim_m3_1 (1)             
Number of devices: 6                       |Number of devices: 6                       
Number of nets: 10                         |Number of nets: 10                         
---------------------------------------------------------------------------------------
Netlists match uniquely.

Subcircuit pins:
Circuit 1: sigma-delta                     |Circuit 2: sigma-delta                     
-------------------------------------------|-------------------------------------------
in                                         |in                                         
clk                                        |clk                                        
reset_b_dff                                |reset_b_dff                                
out                                        |out                                        
gnd                                        |gnd                                        
vd                                         |vd                                         
vpwr                                       |vpwr                                       
---------------------------------------------------------------------------------------
Cell pin lists are equivalent.
Device classes sigma-delta and sigma-delta are equivalent.

Final result: Circuits match uniquely.
.
