
Circuit 1 cell sky130_fd_pr__cap_mim_m3_2 and Circuit 2 cell sky130_fd_pr__cap_mim_m3_2 are black boxes.
Warning: Equate pins:  cell sky130_fd_pr__cap_mim_m3_2 is a placeholder, treated as a black box.
Warning: Equate pins:  cell sky130_fd_pr__cap_mim_m3_2 is a placeholder, treated as a black box.

Subcircuit pins:
Circuit 1: sky130_fd_pr__cap_mim_m3_2      |Circuit 2: sky130_fd_pr__cap_mim_m3_2      
-------------------------------------------|-------------------------------------------
1                                          |1                                          
2                                          |2                                          
---------------------------------------------------------------------------------------
Cell pin lists are equivalent.
Device classes sky130_fd_pr__cap_mim_m3_2 and sky130_fd_pr__cap_mim_m3_2 are equivalent.
Flattening unmatched subcell sky130_fd_pr__cap_mim_m3_2_MH6WNN in circuit impedance-transformer (0)(1 instance)
Flattening unmatched subcell sky130_fd_pr__cap_mim_m3_2_C96Y74 in circuit impedance-transformer (0)(1 instance)

Class impedance-transformer (0):  Merged 32 parallel devices.
Subcircuit summary:
Circuit 1: impedance-transformer           |Circuit 2: impedance-transformer           
-------------------------------------------|-------------------------------------------
sky130_fd_pr__cap_mim_m3_2 (34->2)         |sky130_fd_pr__cap_mim_m3_2 (34->2)         
Number of devices: 2                       |Number of devices: 2                       
Number of nets: 3                          |Number of nets: 3                          
---------------------------------------------------------------------------------------
Resolving symmetries by property value.
Netlists match uniquely.

Subcircuit pins:
Circuit 1: impedance-transformer           |Circuit 2: impedance-transformer           
-------------------------------------------|-------------------------------------------
gnd                                        |gnd                                        
out                                        |out                                        
in                                         |in                                         
---------------------------------------------------------------------------------------
Cell pin lists are equivalent.
Device classes impedance-transformer and impedance-transformer are equivalent.

Final result: Circuits match uniquely.
.
